Flow report for lights
Wed Jun 12 15:35:23 2024
Quartus Prime Version 22.1std.1 Build 917 02/14/2023 SC Lite Edition


---------------------
; Table of Contents ;
---------------------
  1. Legal Notice
  2. Flow Summary
  3. Flow Settings
  4. Flow Non-Default Global Settings
  5. Flow Elapsed Time
  6. Flow OS Summary
  7. Flow Log
  8. Flow Messages
  9. Flow Suppressed Messages



----------------
; Legal Notice ;
----------------
Copyright (C) 2023  Intel Corporation. All rights reserved.
Your use of Intel Corporation's design tools, logic functions 
and other software and tools, and any partner logic 
functions, and any output files from any of the foregoing 
(including device programming or simulation files), and any 
associated documentation or information are expressly subject 
to the terms and conditions of the Intel Program License 
Subscription Agreement, the Intel Quartus Prime License Agreement,
the Intel FPGA IP License Agreement, or other applicable license
agreement, including, without limitation, that your use is for
the sole purpose of programming logic devices manufactured by
Intel and sold by Intel or its authorized distributors.  Please
refer to the applicable agreement for further details, at
https://fpgasoftware.intel.com/eula.



+----------------------------------------------------------------------------------+
; Flow Summary                                                                     ;
+---------------------------------+------------------------------------------------+
; Flow Status                     ; Successful - Wed Jun 12 15:35:10 2024          ;
; Quartus Prime Version           ; 22.1std.1 Build 917 02/14/2023 SC Lite Edition ;
; Revision Name                   ; lights                                         ;
; Top-level Entity Name           ; lights                                         ;
; Family                          ; Cyclone V                                      ;
; Device                          ; 5CSXFC6D6F31C6                                 ;
; Timing Models                   ; Final                                          ;
; Logic utilization (in ALMs)     ; 720 / 41,910 ( 2 % )                           ;
; Total registers                 ; 976                                            ;
; Total pins                      ; 18 / 499 ( 4 % )                               ;
; Total virtual pins              ; 0                                              ;
; Total block memory bits         ; 44,032 / 5,662,720 ( < 1 % )                   ;
; Total DSP Blocks                ; 0 / 112 ( 0 % )                                ;
; Total HSSI RX PCSs              ; 0 / 9 ( 0 % )                                  ;
; Total HSSI PMA RX Deserializers ; 0 / 9 ( 0 % )                                  ;
; Total HSSI TX PCSs              ; 0 / 9 ( 0 % )                                  ;
; Total HSSI PMA TX Serializers   ; 0 / 9 ( 0 % )                                  ;
; Total PLLs                      ; 0 / 15 ( 0 % )                                 ;
; Total DLLs                      ; 0 / 4 ( 0 % )                                  ;
+---------------------------------+------------------------------------------------+


+-----------------------------------------+
; Flow Settings                           ;
+-------------------+---------------------+
; Option            ; Setting             ;
+-------------------+---------------------+
; Start date & time ; 06/12/2024 15:33:39 ;
; Main task         ; Compilation         ;
; Revision Name     ; lights              ;
+-------------------+---------------------+


+------------------------------------------------------------------------------------------------------------------------------------------------+
; Flow Non-Default Global Settings                                                                                                               ;
+-------------------------------------+---------------------------------------------------------------+---------------+-------------+------------+
; Assignment Name                     ; Value                                                         ; Default Value ; Entity Name ; Section Id ;
+-------------------------------------+---------------------------------------------------------------+---------------+-------------+------------+
; COMPILER_SIGNATURE_ID               ; 145862432986093.171819921933101                               ; --            ; --          ; --         ;
; MAX_CORE_JUNCTION_TEMP              ; 85                                                            ; --            ; --          ; --         ;
; MIN_CORE_JUNCTION_TEMP              ; 0                                                             ; --            ; --          ; --         ;
; MISC_FILE                           ; nios_system/synthesis/../nios_system.cmp                      ; --            ; --          ; --         ;
; MISC_FILE                           ; nios_system/synthesis/../../nios_system.qsys                  ; --            ; --          ; --         ;
; OUTPUT_IO_TIMING_FAR_END_VMEAS      ; Half Signal Swing                                             ; --            ; --          ; --         ;
; OUTPUT_IO_TIMING_FAR_END_VMEAS      ; Half Signal Swing                                             ; --            ; --          ; --         ;
; OUTPUT_IO_TIMING_NEAR_END_VMEAS     ; Half Vccio                                                    ; --            ; --          ; --         ;
; OUTPUT_IO_TIMING_NEAR_END_VMEAS     ; Half Vccio                                                    ; --            ; --          ; --         ;
; PARTITION_COLOR                     ; -- (Not supported for targeted family)                        ; --            ; --          ; Top        ;
; PARTITION_FITTER_PRESERVATION_LEVEL ; -- (Not supported for targeted family)                        ; --            ; --          ; Top        ;
; PARTITION_NETLIST_TYPE              ; -- (Not supported for targeted family)                        ; --            ; --          ; Top        ;
; POWER_BOARD_THERMAL_MODEL           ; None (CONSERVATIVE)                                           ; --            ; --          ; --         ;
; POWER_PRESET_COOLING_SOLUTION       ; 23 MM HEAT SINK WITH 200 LFPM AIRFLOW                         ; --            ; --          ; --         ;
; PROJECT_OUTPUT_DIRECTORY            ; output_files                                                  ; --            ; --          ; --         ;
; SLD_FILE                            ; nios_system/synthesis/nios_system.regmap                      ; --            ; --          ; --         ;
; SLD_FILE                            ; nios_system/synthesis/nios_system.debuginfo                   ; --            ; --          ; --         ;
; SLD_INFO                            ; QSYS_NAME nios_system HAS_SOPCINFO 1 GENERATION_ID 1718197488 ; --            ; nios_system ; --         ;
; SOPCINFO_FILE                       ; nios_system/synthesis/../../nios_system.sopcinfo              ; --            ; --          ; --         ;
; SYNTHESIS_ONLY_QIP                  ; On                                                            ; --            ; --          ; --         ;
+-------------------------------------+---------------------------------------------------------------+---------------+-------------+------------+


+--------------------------------------------------------------------------------------------------------------------------+
; Flow Elapsed Time                                                                                                        ;
+----------------------+--------------+-------------------------+---------------------+------------------------------------+
; Module Name          ; Elapsed Time ; Average Processors Used ; Peak Virtual Memory ; Total CPU Time (on all processors) ;
+----------------------+--------------+-------------------------+---------------------+------------------------------------+
; Analysis & Synthesis ; 00:00:24     ; 1.0                     ; 592 MB              ; 00:00:31                           ;
; Fitter               ; 00:00:52     ; 1.1                     ; 2072 MB             ; 00:01:50                           ;
; Assembler            ; 00:00:08     ; 1.0                     ; 538 MB              ; 00:00:07                           ;
; Timing Analyzer      ; 00:00:12     ; 1.3                     ; 914 MB              ; 00:00:13                           ;
; Total                ; 00:01:36     ; --                      ; --                  ; 00:02:41                           ;
+----------------------+--------------+-------------------------+---------------------+------------------------------------+


+----------------------------------------------------------------------------------------+
; Flow OS Summary                                                                        ;
+----------------------+------------------+----------------+------------+----------------+
; Module Name          ; Machine Hostname ; OS Name        ; OS Version ; Processor type ;
+----------------------+------------------+----------------+------------+----------------+
; Analysis & Synthesis ; wsl12            ; Ubuntu 22.04.4 ; 22         ; x86_64         ;
; Fitter               ; wsl12            ; Ubuntu 22.04.4 ; 22         ; x86_64         ;
; Assembler            ; wsl12            ; Ubuntu 22.04.4 ; 22         ; x86_64         ;
; Timing Analyzer      ; wsl12            ; Ubuntu 22.04.4 ; 22         ; x86_64         ;
+----------------------+------------------+----------------+------------+----------------+


------------
; Flow Log ;
------------
quartus_map --read_settings_files=on --write_settings_files=off lights -c lights
quartus_fit --read_settings_files=off --write_settings_files=off lights -c lights
quartus_asm --read_settings_files=off --write_settings_files=off lights -c lights
quartus_sta lights -c lights



